{
  "0 debug pnpm:scope": {
    "selected": 1
  },
  "1 error pnpm": {
    "code": "ELIFECYCLE",
    "errno": "ENOENT",
    "syscall": "spawn",
    "file": "sh",
    "pkgid": "sveltekit-foundation@0.0.1",
    "stage": "dev",
    "script": "svelte-kit dev",
    "pkgname": "sveltekit-foundation",
    "err": {
      "name": "pnpm",
      "message": "sveltekit-foundation@0.0.1 dev: `svelte-kit dev`\nspawn ENOENT",
      "code": "ELIFECYCLE",
      "stack": "pnpm: sveltekit-foundation@0.0.1 dev: `svelte-kit dev`\nspawn ENOENT\n    at ChildProcess.<anonymous> (/Users/qbunt/.nvm/versions/node/v14.15.0/pnpm-global/5/node_modules/.pnpm/pnpm@6.24.3/node_modules/pnpm/dist/pnpm.cjs:91780:22)\n    at ChildProcess.emit (events.js:315:20)\n    at maybeClose (internal/child_process.js:1048:16)\n    at Process.ChildProcess._handle.onexit (internal/child_process.js:288:5)"
    }
  }
}